[3.068s] DEBUG:colcon:Command line arguments: ['/usr/bin/colcon', 'build', '--packages-select', 'agro_mate_world']
[3.068s] DEBUG:colcon:Parsed command line arguments: Namespace(allow_overriding=[], ament_cmake_args=None, base_paths=['.'], build_base='build', catkin_cmake_args=None, catkin_skip_building_tests=False, cmake_args=None, cmake_clean_cache=False, cmake_clean_first=False, cmake_force_configure=False, cmake_target=None, cmake_target_skip_unavailable=False, continue_on_error=False, event_handlers=None, executor='parallel', ignore_user_meta=False, install_base='install', log_base=None, log_level=None, main=<bound method BuildVerb.main of <colcon_core.verb.build.BuildVerb object at 0x7f2cbb16e6a0>>, merge_install=False, metas=['./colcon.meta'], packages_above=None, packages_above_and_dependencies=None, packages_above_depth=None, packages_end=None, packages_ignore=None, packages_ignore_regex=None, packages_select=['agro_mate_world'], packages_select_build_failed=False, packages_select_by_dep=None, packages_select_regex=None, packages_select_test_failures=False, packages_skip=None, packages_skip_build_finished=False, packages_skip_by_dep=None, packages_skip_regex=None, packages_skip_test_passed=False, packages_skip_up_to=None, packages_start=None, packages_up_to=None, packages_up_to_regex=None, parallel_workers=2, paths=None, symlink_install=False, test_result_base=None, verb_extension=<colcon_core.verb.build.BuildVerb object at 0x7f2cbb16e6a0>, verb_name='build', verb_parser=<colcon_defaults.argument_parser.defaults.DefaultArgumentsDecorator object at 0x7f2cbb16e460>)
[3.229s] Level 1:colcon.colcon_core.package_discovery:discover_packages(colcon_meta) check parameters
[3.229s] Level 1:colcon.colcon_core.package_discovery:discover_packages(recursive) check parameters
[3.229s] Level 1:colcon.colcon_core.package_discovery:discover_packages(ignore) check parameters
[3.230s] Level 1:colcon.colcon_core.package_discovery:discover_packages(path) check parameters
[3.230s] Level 1:colcon.colcon_core.package_discovery:discover_packages(colcon_meta) discover
[3.230s] Level 1:colcon.colcon_core.package_discovery:discover_packages(recursive) discover
[3.230s] INFO:colcon.colcon_core.package_discovery:Crawling recursively for packages in '/home/tallalsudo/turtlebot3_ws/src/agro_mate'
[3.230s] Level 1:colcon.colcon_core.package_identification:_identify(.) by extensions ['ignore', 'ignore_ament_install']
[3.230s] Level 1:colcon.colcon_core.package_identification:_identify(.) by extension 'ignore'
[3.230s] Level 1:colcon.colcon_core.package_identification:_identify(.) by extension 'ignore_ament_install'
[3.230s] Level 1:colcon.colcon_core.package_identification:_identify(.) by extensions ['colcon_pkg']
[3.230s] Level 1:colcon.colcon_core.package_identification:_identify(.) by extension 'colcon_pkg'
[3.230s] Level 1:colcon.colcon_core.package_identification:_identify(.) by extensions ['colcon_meta']
[3.230s] Level 1:colcon.colcon_core.package_identification:_identify(.) by extension 'colcon_meta'
[3.230s] Level 1:colcon.colcon_core.package_identification:_identify(.) by extensions ['ros']
[3.230s] Level 1:colcon.colcon_core.package_identification:_identify(.) by extension 'ros'
[3.250s] Level 1:colcon.colcon_core.package_identification:_identify(.) by extensions ['cmake', 'python']
[3.250s] Level 1:colcon.colcon_core.package_identification:_identify(.) by extension 'cmake'
[3.250s] Level 1:colcon.colcon_core.package_identification:_identify(.) by extension 'python'
[3.250s] Level 1:colcon.colcon_core.package_identification:_identify(.) by extensions ['python_setup_py']
[3.250s] Level 1:colcon.colcon_core.package_identification:_identify(.) by extension 'python_setup_py'
[3.250s] Level 1:colcon.colcon_core.package_identification:_identify(agro_mate) by extensions ['ignore', 'ignore_ament_install']
[3.250s] Level 1:colcon.colcon_core.package_identification:_identify(agro_mate) by extension 'ignore'
[3.251s] Level 1:colcon.colcon_core.package_identification:_identify(agro_mate) by extension 'ignore_ament_install'
[3.251s] Level 1:colcon.colcon_core.package_identification:_identify(agro_mate) by extensions ['colcon_pkg']
[3.251s] Level 1:colcon.colcon_core.package_identification:_identify(agro_mate) by extension 'colcon_pkg'
[3.251s] Level 1:colcon.colcon_core.package_identification:_identify(agro_mate) by extensions ['colcon_meta']
[3.251s] Level 1:colcon.colcon_core.package_identification:_identify(agro_mate) by extension 'colcon_meta'
[3.251s] Level 1:colcon.colcon_core.package_identification:_identify(agro_mate) by extensions ['ros']
[3.251s] Level 1:colcon.colcon_core.package_identification:_identify(agro_mate) by extension 'ros'
[3.254s] DEBUG:colcon.colcon_core.package_identification:Package 'agro_mate' with type 'ros.ament_cmake' and name 'agro_mate'
[3.254s] Level 1:colcon.colcon_core.package_identification:_identify(agro_mate_world) by extensions ['ignore', 'ignore_ament_install']
[3.254s] Level 1:colcon.colcon_core.package_identification:_identify(agro_mate_world) by extension 'ignore'
[3.254s] Level 1:colcon.colcon_core.package_identification:_identify(agro_mate_world) by extension 'ignore_ament_install'
[3.254s] Level 1:colcon.colcon_core.package_identification:_identify(agro_mate_world) by extensions ['colcon_pkg']
[3.254s] Level 1:colcon.colcon_core.package_identification:_identify(agro_mate_world) by extension 'colcon_pkg'
[3.254s] Level 1:colcon.colcon_core.package_identification:_identify(agro_mate_world) by extensions ['colcon_meta']
[3.254s] Level 1:colcon.colcon_core.package_identification:_identify(agro_mate_world) by extension 'colcon_meta'
[3.255s] Level 1:colcon.colcon_core.package_identification:_identify(agro_mate_world) by extensions ['ros']
[3.255s] Level 1:colcon.colcon_core.package_identification:_identify(agro_mate_world) by extension 'ros'
[3.256s] DEBUG:colcon.colcon_core.package_identification:Package 'agro_mate_world' with type 'ros.ament_cmake' and name 'agro_mate_world'
[3.256s] Level 1:colcon.colcon_core.package_identification:_identify(build) by extensions ['ignore', 'ignore_ament_install']
[3.256s] Level 1:colcon.colcon_core.package_identification:_identify(build) by extension 'ignore'
[3.256s] Level 1:colcon.colcon_core.package_identification:_identify(build) ignored
[3.256s] Level 1:colcon.colcon_core.package_identification:_identify(install) by extensions ['ignore', 'ignore_ament_install']
[3.256s] Level 1:colcon.colcon_core.package_identification:_identify(install) by extension 'ignore'
[3.256s] Level 1:colcon.colcon_core.package_identification:_identify(install) ignored
[3.256s] Level 1:colcon.colcon_core.package_identification:_identify(log) by extensions ['ignore', 'ignore_ament_install']
[3.257s] Level 1:colcon.colcon_core.package_identification:_identify(log) by extension 'ignore'
[3.257s] Level 1:colcon.colcon_core.package_identification:_identify(log) ignored
[3.257s] Level 1:colcon.colcon_core.package_discovery:discover_packages(recursive) using defaults
[3.257s] Level 1:colcon.colcon_core.package_discovery:discover_packages(ignore) discover
[3.257s] Level 1:colcon.colcon_core.package_discovery:discover_packages(ignore) using defaults
[3.257s] Level 1:colcon.colcon_core.package_discovery:discover_packages(path) discover
[3.257s] Level 1:colcon.colcon_core.package_discovery:discover_packages(path) using defaults
[3.502s] INFO:colcon.colcon_core.package_selection:Skipping not selected package 'agro_mate' in 'agro_mate'
[3.610s] Level 1:colcon.colcon_core.package_discovery:discover_packages(prefix_path) check parameters
[3.610s] Level 1:colcon.colcon_core.package_discovery:discover_packages(prefix_path) discover
[3.714s] DEBUG:colcon.colcon_installed_package_information.package_discovery:Found 13 installed packages in /home/tallalsudo/turtlebot3_ws/install
[3.785s] DEBUG:colcon.colcon_installed_package_information.package_discovery:Found 336 installed packages in /opt/ros/galactic
[3.787s] Level 1:colcon.colcon_core.package_discovery:discover_packages(prefix_path) using defaults
[3.996s] Level 5:colcon.colcon_core.verb:set package 'agro_mate_world' build argument 'cmake_args' from command line to 'None'
[3.996s] Level 5:colcon.colcon_core.verb:set package 'agro_mate_world' build argument 'cmake_target' from command line to 'None'
[3.996s] Level 5:colcon.colcon_core.verb:set package 'agro_mate_world' build argument 'cmake_target_skip_unavailable' from command line to 'False'
[3.996s] Level 5:colcon.colcon_core.verb:set package 'agro_mate_world' build argument 'cmake_clean_cache' from command line to 'False'
[3.996s] Level 5:colcon.colcon_core.verb:set package 'agro_mate_world' build argument 'cmake_clean_first' from command line to 'False'
[3.996s] Level 5:colcon.colcon_core.verb:set package 'agro_mate_world' build argument 'cmake_force_configure' from command line to 'False'
[3.996s] Level 5:colcon.colcon_core.verb:set package 'agro_mate_world' build argument 'ament_cmake_args' from command line to 'None'
[3.996s] Level 5:colcon.colcon_core.verb:set package 'agro_mate_world' build argument 'catkin_cmake_args' from command line to 'None'
[3.996s] Level 5:colcon.colcon_core.verb:set package 'agro_mate_world' build argument 'catkin_skip_building_tests' from command line to 'False'
[3.996s] DEBUG:colcon.colcon_core.verb:Building package 'agro_mate_world' with the following arguments: {'ament_cmake_args': None, 'build_base': '/home/tallalsudo/turtlebot3_ws/src/agro_mate/build/agro_mate_world', 'catkin_cmake_args': None, 'catkin_skip_building_tests': False, 'cmake_args': None, 'cmake_clean_cache': False, 'cmake_clean_first': False, 'cmake_force_configure': False, 'cmake_target': None, 'cmake_target_skip_unavailable': False, 'install_base': '/home/tallalsudo/turtlebot3_ws/src/agro_mate/install/agro_mate_world', 'merge_install': False, 'path': '/home/tallalsudo/turtlebot3_ws/src/agro_mate/agro_mate_world', 'symlink_install': False, 'test_result_base': None}
[4.051s] INFO:colcon.colcon_core.executor:Executing jobs using 'parallel' executor
[4.101s] DEBUG:colcon.colcon_parallel_executor.executor.parallel:run_until_complete
[4.101s] INFO:colcon.colcon_ros.task.ament_cmake.build:Building ROS package in '/home/tallalsudo/turtlebot3_ws/src/agro_mate/agro_mate_world' with build type 'ament_cmake'
[4.101s] INFO:colcon.colcon_cmake.task.cmake.build:Building CMake package in '/home/tallalsudo/turtlebot3_ws/src/agro_mate/agro_mate_world'
[4.163s] INFO:colcon.colcon_core.plugin_system:Skipping extension 'colcon_core.shell.bat': Not used on non-Windows systems
[4.163s] INFO:colcon.colcon_core.shell:Skip shell extension 'powershell' for command environment: Not usable outside of PowerShell
[4.163s] DEBUG:colcon.colcon_core.shell:Skip shell extension 'dsv' for command environment
[4.367s] DEBUG:colcon.colcon_core.event_handler.log_command:Invoking command in '/home/tallalsudo/turtlebot3_ws/src/agro_mate/build/agro_mate_world': CMAKE_PREFIX_PATH=${CMAKE_PREFIX_PATH}:/home/tallalsudo/turtlebot3_ws/install/show_msg:/home/tallalsudo/turtlebot3_ws/install/my_first_subscriber:/home/tallalsudo/turtlebot3_ws/install/my_first_service:/home/tallalsudo/turtlebot3_ws/install/my_first_publisher:/home/tallalsudo/turtlebot3_ws/install/my_first_node:/opt/ros/galactic /usr/bin/cmake /home/tallalsudo/turtlebot3_ws/src/agro_mate/agro_mate_world -DCMAKE_INSTALL_PREFIX=/home/tallalsudo/turtlebot3_ws/src/agro_mate/install/agro_mate_world
[8.900s] DEBUG:colcon.colcon_core.event_handler.log_command:Invoked command in '/home/tallalsudo/turtlebot3_ws/src/agro_mate/build/agro_mate_world' returned '0': CMAKE_PREFIX_PATH=${CMAKE_PREFIX_PATH}:/home/tallalsudo/turtlebot3_ws/install/show_msg:/home/tallalsudo/turtlebot3_ws/install/my_first_subscriber:/home/tallalsudo/turtlebot3_ws/install/my_first_service:/home/tallalsudo/turtlebot3_ws/install/my_first_publisher:/home/tallalsudo/turtlebot3_ws/install/my_first_node:/opt/ros/galactic /usr/bin/cmake /home/tallalsudo/turtlebot3_ws/src/agro_mate/agro_mate_world -DCMAKE_INSTALL_PREFIX=/home/tallalsudo/turtlebot3_ws/src/agro_mate/install/agro_mate_world
[8.901s] DEBUG:colcon.colcon_core.event_handler.log_command:Invoking command in '/home/tallalsudo/turtlebot3_ws/src/agro_mate/build/agro_mate_world': CMAKE_PREFIX_PATH=${CMAKE_PREFIX_PATH}:/home/tallalsudo/turtlebot3_ws/install/show_msg:/home/tallalsudo/turtlebot3_ws/install/my_first_subscriber:/home/tallalsudo/turtlebot3_ws/install/my_first_service:/home/tallalsudo/turtlebot3_ws/install/my_first_publisher:/home/tallalsudo/turtlebot3_ws/install/my_first_node:/opt/ros/galactic /usr/bin/cmake --build /home/tallalsudo/turtlebot3_ws/src/agro_mate/build/agro_mate_world -- -j2 -l2
[25.961s] DEBUG:colcon.colcon_core.event_handler.log_command:Invoked command in '/home/tallalsudo/turtlebot3_ws/src/agro_mate/build/agro_mate_world' returned '0': CMAKE_PREFIX_PATH=${CMAKE_PREFIX_PATH}:/home/tallalsudo/turtlebot3_ws/install/show_msg:/home/tallalsudo/turtlebot3_ws/install/my_first_subscriber:/home/tallalsudo/turtlebot3_ws/install/my_first_service:/home/tallalsudo/turtlebot3_ws/install/my_first_publisher:/home/tallalsudo/turtlebot3_ws/install/my_first_node:/opt/ros/galactic /usr/bin/cmake --build /home/tallalsudo/turtlebot3_ws/src/agro_mate/build/agro_mate_world -- -j2 -l2
[26.029s] DEBUG:colcon.colcon_core.event_handler.log_command:Invoking command in '/home/tallalsudo/turtlebot3_ws/src/agro_mate/build/agro_mate_world': CMAKE_PREFIX_PATH=${CMAKE_PREFIX_PATH}:/home/tallalsudo/turtlebot3_ws/install/show_msg:/home/tallalsudo/turtlebot3_ws/install/my_first_subscriber:/home/tallalsudo/turtlebot3_ws/install/my_first_service:/home/tallalsudo/turtlebot3_ws/install/my_first_publisher:/home/tallalsudo/turtlebot3_ws/install/my_first_node:/opt/ros/galactic /usr/bin/cmake --install /home/tallalsudo/turtlebot3_ws/src/agro_mate/build/agro_mate_world
[26.095s] DEBUG:colcon.colcon_core.event_handler.log_command:Invoked command in '/home/tallalsudo/turtlebot3_ws/src/agro_mate/build/agro_mate_world' returned '1': CMAKE_PREFIX_PATH=${CMAKE_PREFIX_PATH}:/home/tallalsudo/turtlebot3_ws/install/show_msg:/home/tallalsudo/turtlebot3_ws/install/my_first_subscriber:/home/tallalsudo/turtlebot3_ws/install/my_first_service:/home/tallalsudo/turtlebot3_ws/install/my_first_publisher:/home/tallalsudo/turtlebot3_ws/install/my_first_node:/opt/ros/galactic /usr/bin/cmake --install /home/tallalsudo/turtlebot3_ws/src/agro_mate/build/agro_mate_world
[26.181s] Level 1:colcon.colcon_core.environment:create_environment_scripts_only(agro_mate_world)
[26.230s] Level 1:colcon.colcon_core.environment:checking '/home/tallalsudo/turtlebot3_ws/src/agro_mate/install/agro_mate_world' for CMake module files
[26.230s] Level 1:colcon.colcon_core.environment:checking '/home/tallalsudo/turtlebot3_ws/src/agro_mate/install/agro_mate_world' for CMake config files
[26.231s] Level 1:colcon.colcon_core.environment:checking '/home/tallalsudo/turtlebot3_ws/src/agro_mate/install/agro_mate_world/lib'
[26.231s] Level 1:colcon.colcon_core.environment:checking '/home/tallalsudo/turtlebot3_ws/src/agro_mate/install/agro_mate_world/bin'
[26.232s] Level 1:colcon.colcon_core.environment:checking '/home/tallalsudo/turtlebot3_ws/src/agro_mate/install/agro_mate_world/lib/pkgconfig/agro_mate_world.pc'
[26.232s] Level 1:colcon.colcon_core.environment:checking '/home/tallalsudo/turtlebot3_ws/src/agro_mate/install/agro_mate_world/lib/python3.8/site-packages'
[26.232s] Level 1:colcon.colcon_core.environment:checking '/home/tallalsudo/turtlebot3_ws/src/agro_mate/install/agro_mate_world/bin'
[26.297s] INFO:colcon.colcon_core.shell:Creating package script '/home/tallalsudo/turtlebot3_ws/src/agro_mate/install/agro_mate_world/share/agro_mate_world/package.ps1'
[26.298s] INFO:colcon.colcon_core.shell:Creating package descriptor '/home/tallalsudo/turtlebot3_ws/src/agro_mate/install/agro_mate_world/share/agro_mate_world/package.dsv'
[26.299s] INFO:colcon.colcon_core.shell:Creating package script '/home/tallalsudo/turtlebot3_ws/src/agro_mate/install/agro_mate_world/share/agro_mate_world/package.sh'
[26.300s] INFO:colcon.colcon_core.shell:Creating package script '/home/tallalsudo/turtlebot3_ws/src/agro_mate/install/agro_mate_world/share/agro_mate_world/package.bash'
[26.301s] INFO:colcon.colcon_core.shell:Creating package script '/home/tallalsudo/turtlebot3_ws/src/agro_mate/install/agro_mate_world/share/agro_mate_world/package.zsh'
[26.302s] Level 1:colcon.colcon_core.environment:create_file_with_runtime_dependencies(/home/tallalsudo/turtlebot3_ws/src/agro_mate/install/agro_mate_world/share/colcon-core/packages/agro_mate_world)
[26.313s] DEBUG:colcon.colcon_parallel_executor.executor.parallel:closing loop
[26.314s] DEBUG:colcon.colcon_parallel_executor.executor.parallel:loop closed
[26.314s] DEBUG:colcon.colcon_parallel_executor.executor.parallel:run_until_complete finished with '1'
[26.314s] DEBUG:colcon.colcon_core.event_reactor:joining thread
[26.392s] INFO:colcon.colcon_core.plugin_system:Skipping extension 'colcon_notification.desktop_notification.terminal_notifier': Not used on non-Darwin systems
[26.393s] INFO:colcon.colcon_core.plugin_system:Skipping extension 'colcon_notification.desktop_notification.win32': Not used on non-Windows systems
[26.393s] INFO:colcon.colcon_notification.desktop_notification:Sending desktop notification using 'notify2'
[26.417s] DEBUG:colcon.colcon_core.event_reactor:joined thread
[26.488s] INFO:colcon.colcon_core.shell:Creating prefix script '/home/tallalsudo/turtlebot3_ws/src/agro_mate/install/local_setup.ps1'
[26.490s] INFO:colcon.colcon_core.shell:Creating prefix util module '/home/tallalsudo/turtlebot3_ws/src/agro_mate/install/_local_setup_util_ps1.py'
[26.492s] INFO:colcon.colcon_core.shell:Creating prefix chain script '/home/tallalsudo/turtlebot3_ws/src/agro_mate/install/setup.ps1'
[26.557s] INFO:colcon.colcon_core.shell:Creating prefix script '/home/tallalsudo/turtlebot3_ws/src/agro_mate/install/local_setup.sh'
[26.558s] INFO:colcon.colcon_core.shell:Creating prefix util module '/home/tallalsudo/turtlebot3_ws/src/agro_mate/install/_local_setup_util_sh.py'
[26.559s] INFO:colcon.colcon_core.shell:Creating prefix chain script '/home/tallalsudo/turtlebot3_ws/src/agro_mate/install/setup.sh'
[26.655s] INFO:colcon.colcon_core.shell:Creating prefix script '/home/tallalsudo/turtlebot3_ws/src/agro_mate/install/local_setup.bash'
[26.656s] INFO:colcon.colcon_core.shell:Creating prefix chain script '/home/tallalsudo/turtlebot3_ws/src/agro_mate/install/setup.bash'
[26.734s] INFO:colcon.colcon_core.shell:Creating prefix script '/home/tallalsudo/turtlebot3_ws/src/agro_mate/install/local_setup.zsh'
[26.735s] INFO:colcon.colcon_core.shell:Creating prefix chain script '/home/tallalsudo/turtlebot3_ws/src/agro_mate/install/setup.zsh'
