[100%] Built target turtlebot3_drive
-- Install configuration: ""
-- Up-to-date: /home/tallalsudo/turtlebot3_ws/src/agro_mate/install/agro_mate_world/lib/agro_mate_world/turtlebot3_drive
-- Up-to-date: /home/tallalsudo/turtlebot3_ws/src/agro_mate/install/agro_mate_world/share/agro_mate_world//launch
-- Up-to-date: /home/tallalsudo/turtlebot3_ws/src/agro_mate/install/agro_mate_world/share/agro_mate_world//launch/turtlebot3_agro_mate_world.launch.py
-- Up-to-date: /home/tallalsudo/turtlebot3_ws/src/agro_mate/install/agro_mate_world/share/agro_mate_world//models
-- Up-to-date: /home/tallalsudo/turtlebot3_ws/src/agro_mate/install/agro_mate_world/share/agro_mate_world//models/my_world
-- Up-to-date: /home/tallalsudo/turtlebot3_ws/src/agro_mate/install/agro_mate_world/share/agro_mate_world//models/my_world/model.config
-- Up-to-date: /home/tallalsudo/turtlebot3_ws/src/agro_mate/install/agro_mate_world/share/agro_mate_world//models/my_world/model.sdf
-- Up-to-date: /home/tallalsudo/turtlebot3_ws/src/agro_mate/install/agro_mate_world/share/agro_mate_world//models/big_plant
-- Up-to-date: /home/tallalsudo/turtlebot3_ws/src/agro_mate/install/agro_mate_world/share/agro_mate_world//models/big_plant/model.config
-- Up-to-date: /home/tallalsudo/turtlebot3_ws/src/agro_mate/install/agro_mate_world/share/agro_mate_world//models/big_plant/model.sdf
-- Up-to-date: /home/tallalsudo/turtlebot3_ws/src/agro_mate/install/agro_mate_world/share/agro_mate_world//models/big_plant/mesh
-- Up-to-date: /home/tallalsudo/turtlebot3_ws/src/agro_mate/install/agro_mate_world/share/agro_mate_world//models/big_plant/mesh/big_plant.stl
-- Up-to-date: /home/tallalsudo/turtlebot3_ws/src/agro_mate/install/agro_mate_world/share/agro_mate_world//models/small_plant
-- Up-to-date: /home/tallalsudo/turtlebot3_ws/src/agro_mate/install/agro_mate_world/share/agro_mate_world//models/small_plant/model.config
-- Up-to-date: /home/tallalsudo/turtlebot3_ws/src/agro_mate/install/agro_mate_world/share/agro_mate_world//models/small_plant/model.sdf
-- Up-to-date: /home/tallalsudo/turtlebot3_ws/src/agro_mate/install/agro_mate_world/share/agro_mate_world//models/small_plant/mesh
-- Up-to-date: /home/tallalsudo/turtlebot3_ws/src/agro_mate/install/agro_mate_world/share/agro_mate_world//models/small_plant/mesh/small_plant.stl
-- Up-to-date: /home/tallalsudo/turtlebot3_ws/src/agro_mate/install/agro_mate_world/share/agro_mate_world//world
-- Up-to-date: /home/tallalsudo/turtlebot3_ws/src/agro_mate/install/agro_mate_world/share/agro_mate_world//world/blank.world
-- Up-to-date: /home/tallalsudo/turtlebot3_ws/src/agro_mate/install/agro_mate_world/share/agro_mate_world//world/burger_pi.model
-- Up-to-date: /home/tallalsudo/turtlebot3_ws/src/agro_mate/install/agro_mate_world/share/agro_mate_world//world/emptyfarm.world
-- Up-to-date: /home/tallalsudo/turtlebot3_ws/src/agro_mate/install/agro_mate_world/share/agro_mate_world//world/farmWith1CropRow.world
-- Up-to-date: /home/tallalsudo/turtlebot3_ws/src/agro_mate/install/agro_mate_world/share/agro_mate_world//world/burger.model
-- Up-to-date: /home/tallalsudo/turtlebot3_ws/src/agro_mate/install/agro_mate_world/share/agro_mate_world//urdf
-- Up-to-date: /home/tallalsudo/turtlebot3_ws/src/agro_mate/install/agro_mate_world/share/agro_mate_world//urdf/turtlebot3_burger_pi.urdf
-- Up-to-date: /home/tallalsudo/turtlebot3_ws/src/agro_mate/install/agro_mate_world/share/agro_mate_world//urdf/turtlebot3_burger.urdf
-- Installing: /home/tallalsudo/turtlebot3_ws/src/agro_mate/install/agro_mate_world/include/
-- Installing: /home/tallalsudo/turtlebot3_ws/src/agro_mate/install/agro_mate_world/include//agro_mate_world
-- Installing: /home/tallalsudo/turtlebot3_ws/src/agro_mate/install/agro_mate_world/share/ament_index/resource_index/package_run_dependencies/agro_mate_world
-- Installing: /home/tallalsudo/turtlebot3_ws/src/agro_mate/install/agro_mate_world/share/ament_index/resource_index/parent_prefix_path/agro_mate_world
-- Installing: /home/tallalsudo/turtlebot3_ws/src/agro_mate/install/agro_mate_world/share/agro_mate_world/environment/ament_prefix_path.sh
-- Installing: /home/tallalsudo/turtlebot3_ws/src/agro_mate/install/agro_mate_world/share/agro_mate_world/environment/ament_prefix_path.dsv
-- Installing: /home/tallalsudo/turtlebot3_ws/src/agro_mate/install/agro_mate_world/share/agro_mate_world/environment/path.sh
-- Installing: /home/tallalsudo/turtlebot3_ws/src/agro_mate/install/agro_mate_world/share/agro_mate_world/environment/path.dsv
-- Installing: /home/tallalsudo/turtlebot3_ws/src/agro_mate/install/agro_mate_world/share/agro_mate_world/local_setup.bash
-- Installing: /home/tallalsudo/turtlebot3_ws/src/agro_mate/install/agro_mate_world/share/agro_mate_world/local_setup.sh
-- Installing: /home/tallalsudo/turtlebot3_ws/src/agro_mate/install/agro_mate_world/share/agro_mate_world/local_setup.zsh
-- Installing: /home/tallalsudo/turtlebot3_ws/src/agro_mate/install/agro_mate_world/share/agro_mate_world/local_setup.dsv
-- Installing: /home/tallalsudo/turtlebot3_ws/src/agro_mate/install/agro_mate_world/share/agro_mate_world/package.dsv
-- Installing: /home/tallalsudo/turtlebot3_ws/src/agro_mate/install/agro_mate_world/share/ament_index/resource_index/packages/agro_mate_world
-- Installing: /home/tallalsudo/turtlebot3_ws/src/agro_mate/install/agro_mate_world/share/agro_mate_world/cmake/ament_cmake_export_include_directories-extras.cmake
-- Installing: /home/tallalsudo/turtlebot3_ws/src/agro_mate/install/agro_mate_world/share/agro_mate_world/cmake/ament_cmake_export_dependencies-extras.cmake
-- Installing: /home/tallalsudo/turtlebot3_ws/src/agro_mate/install/agro_mate_world/share/agro_mate_world/cmake/agro_mate_worldConfig.cmake
-- Installing: /home/tallalsudo/turtlebot3_ws/src/agro_mate/install/agro_mate_world/share/agro_mate_world/cmake/agro_mate_worldConfig-version.cmake
-- Installing: /home/tallalsudo/turtlebot3_ws/src/agro_mate/install/agro_mate_world/share/agro_mate_world/package.xml
