[3.688s] DEBUG:colcon:Command line arguments: ['/usr/bin/colcon', 'build', '--packages-select', 'agro_mate_world_2']
[3.689s] DEBUG:colcon:Parsed command line arguments: Namespace(allow_overriding=[], ament_cmake_args=None, base_paths=['.'], build_base='build', catkin_cmake_args=None, catkin_skip_building_tests=False, cmake_args=None, cmake_clean_cache=False, cmake_clean_first=False, cmake_force_configure=False, cmake_target=None, cmake_target_skip_unavailable=False, continue_on_error=False, event_handlers=None, executor='parallel', ignore_user_meta=False, install_base='install', log_base=None, log_level=None, main=<bound method BuildVerb.main of <colcon_core.verb.build.BuildVerb object at 0x7f2f2f01fcd0>>, merge_install=False, metas=['./colcon.meta'], packages_above=None, packages_above_and_dependencies=None, packages_above_depth=None, packages_end=None, packages_ignore=None, packages_ignore_regex=None, packages_select=['agro_mate_world_2'], packages_select_build_failed=False, packages_select_by_dep=None, packages_select_regex=None, packages_select_test_failures=False, packages_skip=None, packages_skip_build_finished=False, packages_skip_by_dep=None, packages_skip_regex=None, packages_skip_test_passed=False, packages_skip_up_to=None, packages_start=None, packages_up_to=None, packages_up_to_regex=None, parallel_workers=2, paths=None, symlink_install=False, test_result_base=None, verb_extension=<colcon_core.verb.build.BuildVerb object at 0x7f2f2f01fcd0>, verb_name='build', verb_parser=<colcon_defaults.argument_parser.defaults.DefaultArgumentsDecorator object at 0x7f2f2f01f550>)
[3.884s] Level 1:colcon.colcon_core.package_discovery:discover_packages(colcon_meta) check parameters
[3.884s] Level 1:colcon.colcon_core.package_discovery:discover_packages(recursive) check parameters
[3.884s] Level 1:colcon.colcon_core.package_discovery:discover_packages(ignore) check parameters
[3.884s] Level 1:colcon.colcon_core.package_discovery:discover_packages(path) check parameters
[3.884s] Level 1:colcon.colcon_core.package_discovery:discover_packages(colcon_meta) discover
[3.884s] Level 1:colcon.colcon_core.package_discovery:discover_packages(recursive) discover
[3.884s] INFO:colcon.colcon_core.package_discovery:Crawling recursively for packages in '/home/tallalsudo/turtlebot3_ws/src/agro_mate'
[3.884s] Level 1:colcon.colcon_core.package_identification:_identify(.) by extensions ['ignore', 'ignore_ament_install']
[3.885s] Level 1:colcon.colcon_core.package_identification:_identify(.) by extension 'ignore'
[3.885s] Level 1:colcon.colcon_core.package_identification:_identify(.) by extension 'ignore_ament_install'
[3.885s] Level 1:colcon.colcon_core.package_identification:_identify(.) by extensions ['colcon_pkg']
[3.885s] Level 1:colcon.colcon_core.package_identification:_identify(.) by extension 'colcon_pkg'
[3.885s] Level 1:colcon.colcon_core.package_identification:_identify(.) by extensions ['colcon_meta']
[3.885s] Level 1:colcon.colcon_core.package_identification:_identify(.) by extension 'colcon_meta'
[3.885s] Level 1:colcon.colcon_core.package_identification:_identify(.) by extensions ['ros']
[3.885s] Level 1:colcon.colcon_core.package_identification:_identify(.) by extension 'ros'
[3.899s] Level 1:colcon.colcon_core.package_identification:_identify(.) by extensions ['cmake', 'python']
[3.899s] Level 1:colcon.colcon_core.package_identification:_identify(.) by extension 'cmake'
[3.899s] Level 1:colcon.colcon_core.package_identification:_identify(.) by extension 'python'
[3.899s] Level 1:colcon.colcon_core.package_identification:_identify(.) by extensions ['python_setup_py']
[3.899s] Level 1:colcon.colcon_core.package_identification:_identify(.) by extension 'python_setup_py'
[3.900s] Level 1:colcon.colcon_core.package_identification:_identify(agro_mate) by extensions ['ignore', 'ignore_ament_install']
[3.900s] Level 1:colcon.colcon_core.package_identification:_identify(agro_mate) by extension 'ignore'
[3.900s] Level 1:colcon.colcon_core.package_identification:_identify(agro_mate) by extension 'ignore_ament_install'
[3.900s] Level 1:colcon.colcon_core.package_identification:_identify(agro_mate) by extensions ['colcon_pkg']
[3.900s] Level 1:colcon.colcon_core.package_identification:_identify(agro_mate) by extension 'colcon_pkg'
[3.900s] Level 1:colcon.colcon_core.package_identification:_identify(agro_mate) by extensions ['colcon_meta']
[3.900s] Level 1:colcon.colcon_core.package_identification:_identify(agro_mate) by extension 'colcon_meta'
[3.900s] Level 1:colcon.colcon_core.package_identification:_identify(agro_mate) by extensions ['ros']
[3.900s] Level 1:colcon.colcon_core.package_identification:_identify(agro_mate) by extension 'ros'
[3.903s] DEBUG:colcon.colcon_core.package_identification:Package 'agro_mate' with type 'ros.ament_cmake' and name 'agro_mate'
[3.904s] Level 1:colcon.colcon_core.package_identification:_identify(agro_mate_world) by extensions ['ignore', 'ignore_ament_install']
[3.904s] Level 1:colcon.colcon_core.package_identification:_identify(agro_mate_world) by extension 'ignore'
[3.905s] Level 1:colcon.colcon_core.package_identification:_identify(agro_mate_world) by extension 'ignore_ament_install'
[3.905s] Level 1:colcon.colcon_core.package_identification:_identify(agro_mate_world) by extensions ['colcon_pkg']
[3.905s] Level 1:colcon.colcon_core.package_identification:_identify(agro_mate_world) by extension 'colcon_pkg'
[3.905s] Level 1:colcon.colcon_core.package_identification:_identify(agro_mate_world) by extensions ['colcon_meta']
[3.905s] Level 1:colcon.colcon_core.package_identification:_identify(agro_mate_world) by extension 'colcon_meta'
[3.905s] Level 1:colcon.colcon_core.package_identification:_identify(agro_mate_world) by extensions ['ros']
[3.905s] Level 1:colcon.colcon_core.package_identification:_identify(agro_mate_world) by extension 'ros'
[3.907s] DEBUG:colcon.colcon_core.package_identification:Package 'agro_mate_world' with type 'ros.ament_cmake' and name 'agro_mate_world'
[3.908s] Level 1:colcon.colcon_core.package_identification:_identify(agro_mate_world_2) by extensions ['ignore', 'ignore_ament_install']
[3.909s] Level 1:colcon.colcon_core.package_identification:_identify(agro_mate_world_2) by extension 'ignore'
[3.910s] Level 1:colcon.colcon_core.package_identification:_identify(agro_mate_world_2) by extension 'ignore_ament_install'
[3.910s] Level 1:colcon.colcon_core.package_identification:_identify(agro_mate_world_2) by extensions ['colcon_pkg']
[3.910s] Level 1:colcon.colcon_core.package_identification:_identify(agro_mate_world_2) by extension 'colcon_pkg'
[3.910s] Level 1:colcon.colcon_core.package_identification:_identify(agro_mate_world_2) by extensions ['colcon_meta']
[3.910s] Level 1:colcon.colcon_core.package_identification:_identify(agro_mate_world_2) by extension 'colcon_meta'
[3.910s] Level 1:colcon.colcon_core.package_identification:_identify(agro_mate_world_2) by extensions ['ros']
[3.910s] Level 1:colcon.colcon_core.package_identification:_identify(agro_mate_world_2) by extension 'ros'
[3.912s] DEBUG:colcon.colcon_core.package_identification:Package 'agro_mate_world_2' with type 'ros.ament_cmake' and name 'my_world'
[3.913s] Level 1:colcon.colcon_core.package_identification:_identify(build) by extensions ['ignore', 'ignore_ament_install']
[3.913s] Level 1:colcon.colcon_core.package_identification:_identify(build) by extension 'ignore'
[3.913s] Level 1:colcon.colcon_core.package_identification:_identify(build) ignored
[3.913s] Level 1:colcon.colcon_core.package_identification:_identify(install) by extensions ['ignore', 'ignore_ament_install']
[3.913s] Level 1:colcon.colcon_core.package_identification:_identify(install) by extension 'ignore'
[3.913s] Level 1:colcon.colcon_core.package_identification:_identify(install) ignored
[3.913s] Level 1:colcon.colcon_core.package_identification:_identify(log) by extensions ['ignore', 'ignore_ament_install']
[3.914s] Level 1:colcon.colcon_core.package_identification:_identify(log) by extension 'ignore'
[3.914s] Level 1:colcon.colcon_core.package_identification:_identify(log) ignored
[3.914s] Level 1:colcon.colcon_core.package_discovery:discover_packages(recursive) using defaults
[3.914s] Level 1:colcon.colcon_core.package_discovery:discover_packages(ignore) discover
[3.914s] Level 1:colcon.colcon_core.package_discovery:discover_packages(ignore) using defaults
[3.914s] Level 1:colcon.colcon_core.package_discovery:discover_packages(path) discover
[3.914s] Level 1:colcon.colcon_core.package_discovery:discover_packages(path) using defaults
[3.973s] WARNING:colcon.colcon_core.package_selection:ignoring unknown package 'agro_mate_world_2' in --packages-select
[4.161s] INFO:colcon.colcon_core.package_selection:Skipping not selected package 'agro_mate_world' in 'agro_mate_world'
[4.162s] INFO:colcon.colcon_core.package_selection:Skipping not selected package 'my_world' in 'agro_mate_world_2'
[4.162s] INFO:colcon.colcon_core.package_selection:Skipping not selected package 'agro_mate' in 'agro_mate'
[4.287s] Level 1:colcon.colcon_core.package_discovery:discover_packages(prefix_path) check parameters
[4.287s] Level 1:colcon.colcon_core.package_discovery:discover_packages(prefix_path) discover
[4.410s] DEBUG:colcon.colcon_installed_package_information.package_discovery:Found 13 installed packages in /home/tallalsudo/turtlebot3_ws/install
[4.487s] DEBUG:colcon.colcon_installed_package_information.package_discovery:Found 336 installed packages in /opt/ros/galactic
[4.490s] Level 1:colcon.colcon_core.package_discovery:discover_packages(prefix_path) using defaults
[4.769s] INFO:colcon.colcon_core.executor:Executing jobs using 'parallel' executor
[4.835s] DEBUG:colcon.colcon_parallel_executor.executor.parallel:run_until_complete
[4.835s] DEBUG:colcon.colcon_parallel_executor.executor.parallel:closing loop
[4.835s] DEBUG:colcon.colcon_parallel_executor.executor.parallel:loop closed
[4.835s] DEBUG:colcon.colcon_parallel_executor.executor.parallel:run_until_complete finished with '0'
[4.836s] DEBUG:colcon.colcon_core.event_reactor:joining thread
[4.915s] INFO:colcon.colcon_core.plugin_system:Skipping extension 'colcon_notification.desktop_notification.terminal_notifier': Not used on non-Darwin systems
[4.915s] INFO:colcon.colcon_core.plugin_system:Skipping extension 'colcon_notification.desktop_notification.win32': Not used on non-Windows systems
[4.915s] INFO:colcon.colcon_notification.desktop_notification:Sending desktop notification using 'notify2'
[4.941s] DEBUG:colcon.colcon_core.event_reactor:joined thread
[5.026s] INFO:colcon.colcon_core.plugin_system:Skipping extension 'colcon_core.shell.bat': Not used on non-Windows systems
[5.026s] INFO:colcon.colcon_core.shell:Creating prefix script '/home/tallalsudo/turtlebot3_ws/src/agro_mate/install/local_setup.ps1'
[5.028s] INFO:colcon.colcon_core.shell:Creating prefix util module '/home/tallalsudo/turtlebot3_ws/src/agro_mate/install/_local_setup_util_ps1.py'
[5.030s] INFO:colcon.colcon_core.shell:Creating prefix chain script '/home/tallalsudo/turtlebot3_ws/src/agro_mate/install/setup.ps1'
[5.119s] INFO:colcon.colcon_core.shell:Creating prefix script '/home/tallalsudo/turtlebot3_ws/src/agro_mate/install/local_setup.sh'
[5.121s] INFO:colcon.colcon_core.shell:Creating prefix util module '/home/tallalsudo/turtlebot3_ws/src/agro_mate/install/_local_setup_util_sh.py'
[5.122s] INFO:colcon.colcon_core.shell:Creating prefix chain script '/home/tallalsudo/turtlebot3_ws/src/agro_mate/install/setup.sh'
[5.192s] INFO:colcon.colcon_core.shell:Creating prefix script '/home/tallalsudo/turtlebot3_ws/src/agro_mate/install/local_setup.bash'
[5.193s] INFO:colcon.colcon_core.shell:Creating prefix chain script '/home/tallalsudo/turtlebot3_ws/src/agro_mate/install/setup.bash'
[5.281s] INFO:colcon.colcon_core.shell:Creating prefix script '/home/tallalsudo/turtlebot3_ws/src/agro_mate/install/local_setup.zsh'
[5.282s] INFO:colcon.colcon_core.shell:Creating prefix chain script '/home/tallalsudo/turtlebot3_ws/src/agro_mate/install/setup.zsh'
