[4.165s] DEBUG:colcon:Command line arguments: ['/usr/bin/colcon', 'build', '--packages-select', 'agro_mate_world_2']
[4.165s] DEBUG:colcon:Parsed command line arguments: Namespace(allow_overriding=[], ament_cmake_args=None, base_paths=['.'], build_base='build', catkin_cmake_args=None, catkin_skip_building_tests=False, cmake_args=None, cmake_clean_cache=False, cmake_clean_first=False, cmake_force_configure=False, cmake_target=None, cmake_target_skip_unavailable=False, continue_on_error=False, event_handlers=None, executor='parallel', ignore_user_meta=False, install_base='install', log_base=None, log_level=None, main=<bound method BuildVerb.main of <colcon_core.verb.build.BuildVerb object at 0x7f09ad3014c0>>, merge_install=False, metas=['./colcon.meta'], packages_above=None, packages_above_and_dependencies=None, packages_above_depth=None, packages_end=None, packages_ignore=None, packages_ignore_regex=None, packages_select=['agro_mate_world_2'], packages_select_build_failed=False, packages_select_by_dep=None, packages_select_regex=None, packages_select_test_failures=False, packages_skip=None, packages_skip_build_finished=False, packages_skip_by_dep=None, packages_skip_regex=None, packages_skip_test_passed=False, packages_skip_up_to=None, packages_start=None, packages_up_to=None, packages_up_to_regex=None, parallel_workers=2, paths=None, symlink_install=False, test_result_base=None, verb_extension=<colcon_core.verb.build.BuildVerb object at 0x7f09ad3014c0>, verb_name='build', verb_parser=<colcon_defaults.argument_parser.defaults.DefaultArgumentsDecorator object at 0x7f09ad301b20>)
[4.362s] Level 1:colcon.colcon_core.package_discovery:discover_packages(colcon_meta) check parameters
[4.362s] Level 1:colcon.colcon_core.package_discovery:discover_packages(recursive) check parameters
[4.363s] Level 1:colcon.colcon_core.package_discovery:discover_packages(ignore) check parameters
[4.363s] Level 1:colcon.colcon_core.package_discovery:discover_packages(path) check parameters
[4.363s] Level 1:colcon.colcon_core.package_discovery:discover_packages(colcon_meta) discover
[4.363s] Level 1:colcon.colcon_core.package_discovery:discover_packages(recursive) discover
[4.363s] INFO:colcon.colcon_core.package_discovery:Crawling recursively for packages in '/home/tallalsudo/turtlebot3_ws/src/agro_mate'
[4.363s] Level 1:colcon.colcon_core.package_identification:_identify(.) by extensions ['ignore', 'ignore_ament_install']
[4.363s] Level 1:colcon.colcon_core.package_identification:_identify(.) by extension 'ignore'
[4.363s] Level 1:colcon.colcon_core.package_identification:_identify(.) by extension 'ignore_ament_install'
[4.363s] Level 1:colcon.colcon_core.package_identification:_identify(.) by extensions ['colcon_pkg']
[4.364s] Level 1:colcon.colcon_core.package_identification:_identify(.) by extension 'colcon_pkg'
[4.364s] Level 1:colcon.colcon_core.package_identification:_identify(.) by extensions ['colcon_meta']
[4.364s] Level 1:colcon.colcon_core.package_identification:_identify(.) by extension 'colcon_meta'
[4.364s] Level 1:colcon.colcon_core.package_identification:_identify(.) by extensions ['ros']
[4.364s] Level 1:colcon.colcon_core.package_identification:_identify(.) by extension 'ros'
[4.391s] Level 1:colcon.colcon_core.package_identification:_identify(.) by extensions ['cmake', 'python']
[4.392s] Level 1:colcon.colcon_core.package_identification:_identify(.) by extension 'cmake'
[4.392s] Level 1:colcon.colcon_core.package_identification:_identify(.) by extension 'python'
[4.392s] Level 1:colcon.colcon_core.package_identification:_identify(.) by extensions ['python_setup_py']
[4.392s] Level 1:colcon.colcon_core.package_identification:_identify(.) by extension 'python_setup_py'
[4.393s] Level 1:colcon.colcon_core.package_identification:_identify(agro_mate) by extensions ['ignore', 'ignore_ament_install']
[4.393s] Level 1:colcon.colcon_core.package_identification:_identify(agro_mate) by extension 'ignore'
[4.393s] Level 1:colcon.colcon_core.package_identification:_identify(agro_mate) by extension 'ignore_ament_install'
[4.393s] Level 1:colcon.colcon_core.package_identification:_identify(agro_mate) by extensions ['colcon_pkg']
[4.393s] Level 1:colcon.colcon_core.package_identification:_identify(agro_mate) by extension 'colcon_pkg'
[4.393s] Level 1:colcon.colcon_core.package_identification:_identify(agro_mate) by extensions ['colcon_meta']
[4.393s] Level 1:colcon.colcon_core.package_identification:_identify(agro_mate) by extension 'colcon_meta'
[4.393s] Level 1:colcon.colcon_core.package_identification:_identify(agro_mate) by extensions ['ros']
[4.393s] Level 1:colcon.colcon_core.package_identification:_identify(agro_mate) by extension 'ros'
[4.398s] DEBUG:colcon.colcon_core.package_identification:Package 'agro_mate' with type 'ros.ament_cmake' and name 'agro_mate'
[4.398s] Level 1:colcon.colcon_core.package_identification:_identify(agro_mate_world) by extensions ['ignore', 'ignore_ament_install']
[4.399s] Level 1:colcon.colcon_core.package_identification:_identify(agro_mate_world) by extension 'ignore'
[4.399s] Level 1:colcon.colcon_core.package_identification:_identify(agro_mate_world) by extension 'ignore_ament_install'
[4.399s] Level 1:colcon.colcon_core.package_identification:_identify(agro_mate_world) by extensions ['colcon_pkg']
[4.399s] Level 1:colcon.colcon_core.package_identification:_identify(agro_mate_world) by extension 'colcon_pkg'
[4.399s] Level 1:colcon.colcon_core.package_identification:_identify(agro_mate_world) by extensions ['colcon_meta']
[4.399s] Level 1:colcon.colcon_core.package_identification:_identify(agro_mate_world) by extension 'colcon_meta'
[4.399s] Level 1:colcon.colcon_core.package_identification:_identify(agro_mate_world) by extensions ['ros']
[4.399s] Level 1:colcon.colcon_core.package_identification:_identify(agro_mate_world) by extension 'ros'
[4.401s] DEBUG:colcon.colcon_core.package_identification:Package 'agro_mate_world' with type 'ros.ament_cmake' and name 'agro_mate_world'
[4.401s] Level 1:colcon.colcon_core.package_identification:_identify(agro_mate_world_2) by extensions ['ignore', 'ignore_ament_install']
[4.401s] Level 1:colcon.colcon_core.package_identification:_identify(agro_mate_world_2) by extension 'ignore'
[4.402s] Level 1:colcon.colcon_core.package_identification:_identify(agro_mate_world_2) by extension 'ignore_ament_install'
[4.402s] Level 1:colcon.colcon_core.package_identification:_identify(agro_mate_world_2) by extensions ['colcon_pkg']
[4.402s] Level 1:colcon.colcon_core.package_identification:_identify(agro_mate_world_2) by extension 'colcon_pkg'
[4.402s] Level 1:colcon.colcon_core.package_identification:_identify(agro_mate_world_2) by extensions ['colcon_meta']
[4.402s] Level 1:colcon.colcon_core.package_identification:_identify(agro_mate_world_2) by extension 'colcon_meta'
[4.402s] Level 1:colcon.colcon_core.package_identification:_identify(agro_mate_world_2) by extensions ['ros']
[4.402s] Level 1:colcon.colcon_core.package_identification:_identify(agro_mate_world_2) by extension 'ros'
[4.405s] DEBUG:colcon.colcon_core.package_identification:Package 'agro_mate_world_2' with type 'ros.ament_cmake' and name 'my_world'
[4.405s] Level 1:colcon.colcon_core.package_identification:_identify(build) by extensions ['ignore', 'ignore_ament_install']
[4.406s] Level 1:colcon.colcon_core.package_identification:_identify(build) by extension 'ignore'
[4.406s] Level 1:colcon.colcon_core.package_identification:_identify(build) ignored
[4.406s] Level 1:colcon.colcon_core.package_identification:_identify(install) by extensions ['ignore', 'ignore_ament_install']
[4.406s] Level 1:colcon.colcon_core.package_identification:_identify(install) by extension 'ignore'
[4.406s] Level 1:colcon.colcon_core.package_identification:_identify(install) ignored
[4.406s] Level 1:colcon.colcon_core.package_identification:_identify(log) by extensions ['ignore', 'ignore_ament_install']
[4.406s] Level 1:colcon.colcon_core.package_identification:_identify(log) by extension 'ignore'
[4.406s] Level 1:colcon.colcon_core.package_identification:_identify(log) ignored
[4.406s] Level 1:colcon.colcon_core.package_discovery:discover_packages(recursive) using defaults
[4.407s] Level 1:colcon.colcon_core.package_discovery:discover_packages(ignore) discover
[4.407s] Level 1:colcon.colcon_core.package_discovery:discover_packages(ignore) using defaults
[4.407s] Level 1:colcon.colcon_core.package_discovery:discover_packages(path) discover
[4.407s] Level 1:colcon.colcon_core.package_discovery:discover_packages(path) using defaults
[4.477s] WARNING:colcon.colcon_core.package_selection:ignoring unknown package 'agro_mate_world_2' in --packages-select
[4.677s] INFO:colcon.colcon_core.package_selection:Skipping not selected package 'agro_mate_world' in 'agro_mate_world'
[4.677s] INFO:colcon.colcon_core.package_selection:Skipping not selected package 'my_world' in 'agro_mate_world_2'
[4.677s] INFO:colcon.colcon_core.package_selection:Skipping not selected package 'agro_mate' in 'agro_mate'
[4.867s] Level 1:colcon.colcon_core.package_discovery:discover_packages(prefix_path) check parameters
[4.868s] Level 1:colcon.colcon_core.package_discovery:discover_packages(prefix_path) discover
[5.039s] DEBUG:colcon.colcon_installed_package_information.package_discovery:Found 13 installed packages in /home/tallalsudo/turtlebot3_ws/install
[5.143s] DEBUG:colcon.colcon_installed_package_information.package_discovery:Found 336 installed packages in /opt/ros/galactic
[5.147s] Level 1:colcon.colcon_core.package_discovery:discover_packages(prefix_path) using defaults
[5.442s] INFO:colcon.colcon_core.executor:Executing jobs using 'parallel' executor
[5.504s] DEBUG:colcon.colcon_parallel_executor.executor.parallel:run_until_complete
[5.505s] DEBUG:colcon.colcon_parallel_executor.executor.parallel:closing loop
[5.506s] DEBUG:colcon.colcon_parallel_executor.executor.parallel:loop closed
[5.506s] DEBUG:colcon.colcon_parallel_executor.executor.parallel:run_until_complete finished with '0'
[5.506s] DEBUG:colcon.colcon_core.event_reactor:joining thread
[5.594s] INFO:colcon.colcon_core.plugin_system:Skipping extension 'colcon_notification.desktop_notification.terminal_notifier': Not used on non-Darwin systems
[5.595s] INFO:colcon.colcon_core.plugin_system:Skipping extension 'colcon_notification.desktop_notification.win32': Not used on non-Windows systems
[5.595s] INFO:colcon.colcon_notification.desktop_notification:Sending desktop notification using 'notify2'
[5.629s] DEBUG:colcon.colcon_core.event_reactor:joined thread
[5.715s] INFO:colcon.colcon_core.plugin_system:Skipping extension 'colcon_core.shell.bat': Not used on non-Windows systems
[5.716s] INFO:colcon.colcon_core.shell:Creating prefix script '/home/tallalsudo/turtlebot3_ws/src/agro_mate/install/local_setup.ps1'
[5.717s] INFO:colcon.colcon_core.shell:Creating prefix util module '/home/tallalsudo/turtlebot3_ws/src/agro_mate/install/_local_setup_util_ps1.py'
[5.724s] INFO:colcon.colcon_core.shell:Creating prefix chain script '/home/tallalsudo/turtlebot3_ws/src/agro_mate/install/setup.ps1'
[5.830s] INFO:colcon.colcon_core.shell:Creating prefix script '/home/tallalsudo/turtlebot3_ws/src/agro_mate/install/local_setup.sh'
[5.831s] INFO:colcon.colcon_core.shell:Creating prefix util module '/home/tallalsudo/turtlebot3_ws/src/agro_mate/install/_local_setup_util_sh.py'
[5.833s] INFO:colcon.colcon_core.shell:Creating prefix chain script '/home/tallalsudo/turtlebot3_ws/src/agro_mate/install/setup.sh'
[5.906s] INFO:colcon.colcon_core.shell:Creating prefix script '/home/tallalsudo/turtlebot3_ws/src/agro_mate/install/local_setup.bash'
[5.907s] INFO:colcon.colcon_core.shell:Creating prefix chain script '/home/tallalsudo/turtlebot3_ws/src/agro_mate/install/setup.bash'
[6.002s] INFO:colcon.colcon_core.shell:Creating prefix script '/home/tallalsudo/turtlebot3_ws/src/agro_mate/install/local_setup.zsh'
[6.004s] INFO:colcon.colcon_core.shell:Creating prefix chain script '/home/tallalsudo/turtlebot3_ws/src/agro_mate/install/setup.zsh'
